branches/android-client-old2/proguard/seeds.txt
jp.archilogic.docnext.android.core.image.CoreImageView
jp.archilogic.docnext.android.core.image.CoreImageView: CoreImageView(android.content.Context,android.util.AttributeSet)
jp.archilogic.docnext.android.core.text.CoreTextView
jp.archilogic.docnext.android.core.text.CoreTextView: CoreTextView(android.content.Context,android.util.AttributeSet)
jp.archilogic.docnext.android.core.text.CoreTextConfig$LineBreakingRule: jp.archilogic.docnext.android.core.text.CoreTextConfig$LineBreakingRule[] values()
jp.archilogic.docnext.android.core.text.CoreTextConfig$LineBreakingRule: jp.archilogic.docnext.android.core.text.CoreTextConfig$LineBreakingRule valueOf(java.lang.String)
jp.archilogic.docnext.android.core.text.TextDocDirection: jp.archilogic.docnext.android.core.text.TextDocDirection[] values()
jp.archilogic.docnext.android.core.text.TextDocDirection: jp.archilogic.docnext.android.core.text.TextDocDirection valueOf(java.lang.String)
jp.archilogic.docnext.android.type.ExtraType: jp.archilogic.docnext.android.type.ExtraType[] values()
jp.archilogic.docnext.android.type.ExtraType: jp.archilogic.docnext.android.type.ExtraType valueOf(java.lang.String)
jp.archilogic.docnext.android.core.image.ImageDocDirection: jp.archilogic.docnext.android.core.image.ImageDocDirection[] values()
jp.archilogic.docnext.android.core.image.ImageDocDirection: jp.archilogic.docnext.android.core.image.ImageDocDirection valueOf(java.lang.String)
jp.archilogic.docnext.android.type.ViewerType: jp.archilogic.docnext.android.type.ViewerType[] values()
jp.archilogic.docnext.android.type.ViewerType: jp.archilogic.docnext.android.type.ViewerType valueOf(java.lang.String)
jp.archilogic.docnext.android.core.image.CoreImageView
jp.archilogic.docnext.android.core.text.CoreTextView
jp.archilogic.docnext.android.info.TextInfo
jp.archilogic.docnext.android.info.TextInfo: java.lang.String text
jp.archilogic.docnext.android.info.TextInfo: java.util.List rubys
jp.archilogic.docnext.android.info.TextInfo: java.util.List dots
jp.archilogic.docnext.android.info.TextInfo: java.util.List tcys
jp.archilogic.docnext.android.info.TextInfo: TextInfo()
jp.archilogic.docnext.android.info.TextInfo: java.lang.String at(int)
jp.archilogic.docnext.android.info.TextInfo: int length()
jp.archilogic.docnext.android.info.TextInfo$TCY
jp.archilogic.docnext.android.info.TextInfo$TCY: int location
jp.archilogic.docnext.android.info.TextInfo$TCY: int length
jp.archilogic.docnext.android.info.TextInfo$TCY: TextInfo$TCY()
jp.archilogic.docnext.android.info.TextInfo$TCY: TextInfo$TCY(int,int)
jp.archilogic.docnext.android.info.TextInfo$Ruby
jp.archilogic.docnext.android.info.TextInfo$Ruby: java.lang.String text
jp.archilogic.docnext.android.info.TextInfo$Ruby: int location
jp.archilogic.docnext.android.info.TextInfo$Ruby: int length
jp.archilogic.docnext.android.info.TextInfo$Ruby: TextInfo$Ruby()
jp.archilogic.docnext.android.info.TextInfo$Ruby: TextInfo$Ruby(java.lang.String,int,int)
jp.archilogic.docnext.android.info.ServerInfo
jp.archilogic.docnext.android.info.ServerInfo: java.lang.String endpoint
jp.archilogic.docnext.android.info.ServerInfo: ServerInfo()
jp.archilogic.docnext.android.info.TextInfo$Dot
jp.archilogic.docnext.android.info.TextInfo$Dot: int location
jp.archilogic.docnext.android.info.TextInfo$Dot: int length
jp.archilogic.docnext.android.info.TextInfo$Dot: TextInfo$Dot()
jp.archilogic.docnext.android.info.TextInfo$Dot: TextInfo$Dot(int,int)
jp.archilogic.docnext.android.info.MetaInfo
jp.archilogic.docnext.android.info.MetaInfo: jp.archilogic.docnext.android.type.ViewerType type
jp.archilogic.docnext.android.info.MetaInfo: int pages
jp.archilogic.docnext.android.info.MetaInfo: MetaInfo()
jp.archilogic.docnext.android.MainActivity
jp.archilogic.docnext.android.TextViewerActivity
jp.archilogic.docnext.android.ImageViewerActivity
...
com.google.common.primitives.Booleans$LexicographicalComparator: com.google.common.primitives.Booleans$LexicographicalComparator[] values()
com.google.common.primitives.Booleans$LexicographicalComparator: com.google.common.primitives.Booleans$LexicographicalComparator valueOf(java.lang.String)
com.google.common.collect.SortedLists$Relation: com.google.common.collect.SortedLists$Relation[] values()
com.google.common.collect.SortedLists$Relation: com.google.common.collect.SortedLists$Relation valueOf(java.lang.String)
com.google.common.collect.SortedLists$Relation: com.google.common.collect.SortedLists$Relation[] values()
com.google.common.collect.SortedLists$Relation: com.google.common.collect.SortedLists$Relation valueOf(java.lang.String)
com.google.common.collect.SortedLists$Relation: com.google.common.collect.SortedLists$Relation[] values()
com.google.common.collect.SortedLists$Relation: com.google.common.collect.SortedLists$Relation valueOf(java.lang.String)
com.google.common.collect.SortedLists$Relation: com.google.common.collect.SortedLists$Relation[] values()
com.google.common.collect.SortedLists$Relation: com.google.common.collect.SortedLists$Relation valueOf(java.lang.String)
com.google.common.base.Service$State: com.google.common.base.Service$State[] values()
com.google.common.base.Service$State: com.google.common.base.Service$State valueOf(java.lang.String)
com.google.common.collect.SortedLists$Relation: com.google.common.collect.SortedLists$Relation[] values()
com.google.common.collect.SortedLists$Relation: com.google.common.collect.SortedLists$Relation valueOf(java.lang.String)
com.google.common.collect.CustomConcurrentHashMap$NullEvictable: com.google.common.collect.CustomConcurrentHashMap$NullEvictable[] values()
com.google.common.collect.CustomConcurrentHashMap$NullEvictable: com.google.common.collect.CustomConcurrentHashMap$NullEvictable valueOf(java.lang.String)
com.google.common.collect.AbstractIterator$State: com.google.common.collect.AbstractIterator$State[] values()
com.google.common.collect.AbstractIterator$State: com.google.common.collect.AbstractIterator$State valueOf(java.lang.String)
com.google.common.base.Equivalences$Impl: com.google.common.base.Equivalences$Impl[] values()
com.google.common.base.Equivalences$Impl: com.google.common.base.Equivalences$Impl valueOf(java.lang.String)
com.google.common.base.Equivalences$Impl: com.google.common.base.Equivalences$Impl[] values()
com.google.common.base.Equivalences$Impl: com.google.common.base.Equivalences$Impl valueOf(java.lang.String)
com.google.common.collect.CustomConcurrentHashMap$Strength: com.google.common.collect.CustomConcurrentHashMap$Strength[] values()
com.google.common.collect.CustomConcurrentHashMap$Strength: com.google.common.collect.CustomConcurrentHashMap$Strength valueOf(java.lang.String)
com.google.common.collect.CustomConcurrentHashMap$Strength: com.google.common.collect.CustomConcurrentHashMap$Strength[] values()
com.google.common.collect.CustomConcurrentHashMap$Strength: com.google.common.collect.CustomConcurrentHashMap$Strength valueOf(java.lang.String)
com.google.common.collect.CustomConcurrentHashMap$Strength: com.google.common.collect.CustomConcurrentHashMap$Strength[] values()
com.google.common.collect.CustomConcurrentHashMap$Strength: com.google.common.collect.CustomConcurrentHashMap$Strength valueOf(java.lang.String)